app/build/outputs/logs/manifest-merger-beta-debug-report.txt
-- Merging decision tree log ---
provider#is.yranac.canary.contentproviders.CanaryLocationContentProvider
INJECTED from src/main/AndroidManifest.xml:148:9-151:40
	android:authorities
		INJECTED from src/main/AndroidManifest.xml
provider#is.yranac.canary.contentproviders.CanaryInsurancePolicyContentProvider
INJECTED from src/main/AndroidManifest.xml:154:9-157:40
	android:authorities
		INJECTED from src/main/AndroidManifest.xml
provider#is.yranac.canary.contentproviders.CanaryInsuranceProviderContentProvider
INJECTED from src/main/AndroidManifest.xml:160:9-163:40
	android:authorities
		INJECTED from src/main/AndroidManifest.xml
provider#is.yranac.canary.contentproviders.geofence.CacheGeofenceContentProvider
INJECTED from src/main/AndroidManifest.xml:165:9-168:40
	android:authorities
		INJECTED from src/main/AndroidManifest.xml
provider#is.yranac.canary.contentproviders.CanaryDeviceContentProvider
INJECTED from src/main/AndroidManifest.xml:170:9-173:40
	android:authorities
		INJECTED from src/main/AndroidManifest.xml
provider#is.yranac.canary.contentproviders.CanaryDeviceSettingsContentProvider
INJECTED from src/main/AndroidManifest.xml:174:9-177:40
	android:authorities
		INJECTED from src/main/AndroidManifest.xml
provider#is.yranac.canary.contentproviders.CanaryCustomerContentProvider
INJECTED from src/main/AndroidManifest.xml:178:9-181:40
	android:authorities
		INJECTED from src/main/AndroidManifest.xml
provider#is.yranac.canary.contentproviders.CanaryCustomerLocationContentProvider
INJECTED from src/main/AndroidManifest.xml:182:9-185:40
	android:authorities
		INJECTED from src/main/AndroidManifest.xml
provider#is.yranac.canary.contentproviders.CanaryEntryCustomerContentProvider
INJECTED from src/main/AndroidManifest.xml:186:9-189:40
	android:authorities
		INJECTED from src/main/AndroidManifest.xml
provider#is.yranac.canary.contentproviders.CanaryAvatarContentProvider
INJECTED from src/main/AndroidManifest.xml:190:9-193:40
	android:authorities
		INJECTED from src/main/AndroidManifest.xml
provider#is.yranac.canary.contentproviders.CanaryEntryContentProvider
INJECTED from src/main/AndroidManifest.xml:194:9-197:40
	android:authorities
		INJECTED from src/main/AndroidManifest.xml
provider#is.yranac.canary.contentproviders.CanaryCommentContentProvider
INJECTED from src/main/AndroidManifest.xml:198:9-201:40
	android:authorities
		INJECTED from src/main/AndroidManifest.xml
provider#is.yranac.canary.contentproviders.CanaryInvitationContentProvider
INJECTED from src/main/AndroidManifest.xml:202:9-205:40
	android:authorities
		INJECTED from src/main/AndroidManifest.xml
provider#is.yranac.canary.contentproviders.CanaryModeContentProvider
INJECTED from src/main/AndroidManifest.xml:206:9-209:40
	android:authorities
		INJECTED from src/main/AndroidManifest.xml
provider#is.yranac.canary.contentproviders.CanaryThumbnailContentProvider
INJECTED from src/main/AndroidManifest.xml:210:9-213:40
	android:authorities
		INJECTED from src/main/AndroidManifest.xml
provider#is.yranac.canary.contentproviders.CanaryLabelContentProvider
INJECTED from src/main/AndroidManifest.xml:214:9-217:40
	android:authorities
		INJECTED from src/main/AndroidManifest.xml
provider#is.yranac.canary.contentproviders.CanaryReadingContentProvider
INJECTED from src/main/AndroidManifest.xml:218:9-221:40
	android:authorities
		INJECTED from src/main/AndroidManifest.xml
provider#is.yranac.canary.contentproviders.CanarySubscriptionContentProvider
INJECTED from src/main/AndroidManifest.xml:222:9-225:40
	android:authorities
		INJECTED from src/main/AndroidManifest.xml
provider#is.yranac.canary.contentproviders.CanarySubscriptionPricesContentProvider
INJECTED from src/main/AndroidManifest.xml:226:9-229:40
	android:authorities
		INJECTED from src/main/AndroidManifest.xml
provider#is.yranac.canary.contentproviders.CanaryNotifiedContentProvider
INJECTED from src/main/AndroidManifest.xml:230:9-233:40
	android:authorities
		INJECTED from src/main/AndroidManifest.xml
provider#is.yranac.canary.contentproviders.CanaryVideoExportContentProvider
INJECTED from src/main/AndroidManifest.xml:235:9-238:40
	android:authorities
		INJECTED from src/main/AndroidManifest.xml
provider#is.yranac.canary.contentproviders.CanaryEmergencyContactsContentProvider
INJECTED from src/main/AndroidManifest.xml:240:9-243:40
	android:authorities
		INJECTED from src/main/AndroidManifest.xml
provider#is.yranac.canary.contentproviders.CanaryLocationNetworkContentProvider
INJECTED from src/main/AndroidManifest.xml:245:9-248:40
	android:authorities
		INJECTED from src/main/AndroidManifest.xml
provider#is.yranac.canary.contentproviders.CanaryDeviceTokenContentProvider
INJECTED from src/main/AndroidManifest.xml:249:9-252:40
	android:authorities
		INJECTED from src/main/AndroidManifest.xml
provider#is.yranac.canary.contentproviders.CanaryUserTagsContentProvider
INJECTED from src/main/AndroidManifest.xml:254:9-257:40
	android:authorities
		INJECTED from src/main/AndroidManifest.xml
provider#is.yranac.canary.contentproviders.CanaryFeatureFlagsContentProvider
INJECTED from src/main/AndroidManifest.xml:259:9-262:40
	android:authorities
		INJECTED from src/main/AndroidManifest.xml
provider#is.yranac.canary.contentproviders.CanaryNightModeScheduleContentProvider
INJECTED from src/main/AndroidManifest.xml:264:9-267:40
	android:authorities
		INJECTED from src/main/AndroidManifest.xml
provider#is.yranac.canary.contentproviders.CanaryMembershipContentProvider
INJECTED from src/main/AndroidManifest.xml:269:9-272:40
	android:authorities
		INJECTED from src/main/AndroidManifest.xml
provider#android.support.v4.content.FileProvider
INJECTED from src/main/AndroidManifest.xml:275:9-283:20
	android:authorities
		INJECTED from src/main/AndroidManifest.xml
category#is.yranac.canary.production_beta
INJECTED from src/main/AndroidManifest.xml:435:17-61
	android:name
		INJECTED from src/main/AndroidManifest.xml
manifest
ADDED from src/main/AndroidManifest.xml:2:1-462:12
INJECTED from src/main/AndroidManifest.xml:2:1-462:12
INJECTED from src/main/AndroidManifest.xml:2:1-462:12
INJECTED from src/main/AndroidManifest.xml:2:1-462:12
MERGED from src/main/AndroidManifest.xml:2:1-462:12
MERGED from [com.android.databinding:adapters:1.3.1] AndroidManifest.xml:17:1-26:12
MERGED from [com.android.databinding:library:1.3.1] AndroidManifest.xml:17:1-26:12
MERGED from [com.android.support:multidex:1.0.2] AndroidManifest.xml:17:1-22:12
MERGED from [com.google.android.gms:play-services-analytics:11.8.0] AndroidManifest.xml:17:1-47:12
MERGED from [com.google.android.gms:play-services-maps:11.8.0] AndroidManifest.xml:17:1-32:12
MERGED from [com.google.android.gms:play-services-location:11.8.0] AndroidManifest.xml:2:1-9:12
MERGED from [com.urbanairship.android:urbanairship-sdk:8.8.4] AndroidManifest.xml:2:1-143:12
MERGED from [com.google.android.gms:play-services-gcm:11.8.0] AndroidManifest.xml:17:1-28:12
MERGED from [com.google.android.gms:play-services-wearable:11.8.0] AndroidManifest.xml:17:1-24:12
MERGED from [com.zendesk:sdk:1.1.0.1] AndroidManifest.xml:8:1-66:12
MERGED from [com.github.mtotschnig:StickyListHeaders:2.7.1] AndroidManifest.xml:2:1-11:12
MERGED from [com.sothree.slidinguppanel:library:2.0.4] AndroidManifest.xml:2:1-11:12
MERGED from [com.android.support:appcompat-v7:26.1.0] AndroidManifest.xml:17:1-31:12
MERGED from [com.android.support:cardview-v7:26.1.0] AndroidManifest.xml:17:1-28:12
MERGED from [com.firebase:firebase-jobdispatcher:0.7.0] AndroidManifest.xml:17:1-42:12
MERGED from [com.google.android.gms:play-services-tagmanager-v4-impl:11.8.0] AndroidManifest.xml:17:1-24:12
MERGED from [com.google.android.gms:play-services-analytics-impl:11.8.0] AndroidManifest.xml:17:1-31:12
MERGED from [com.google.android.gms:play-services-iid:11.8.0] AndroidManifest.xml:17:1-28:12
MERGED from [com.google.android.gms:play-services-base:11.8.0] AndroidManifest.xml:17:1-29:12
MERGED from [com.google.firebase:firebase-core:11.8.0] AndroidManifest.xml:2:1-6:12
MERGED from [com.google.firebase:firebase-analytics:11.8.0] AndroidManifest.xml:17:1-54:12
MERGED from [com.google.firebase:firebase-analytics-impl:11.8.0] AndroidManifest.xml:17:1-40:12
MERGED from [com.google.firebase:firebase-iid:11.8.0] AndroidManifest.xml:17:1-59:12
MERGED from [com.google.firebase:firebase-common:11.8.0] AndroidManifest.xml:2:1-15:12
MERGED from [com.google.android.gms:play-services-tasks:11.8.0] AndroidManifest.xml:2:1-9:12
MERGED from [com.google.android.gms:play-services-basement:11.8.0] AndroidManifest.xml:17:1-28:12
MERGED from [com.android.support:support-v4:26.1.0] AndroidManifest.xml:17:1-31:12
MERGED from [com.android.support:percent:26.1.0] AndroidManifest.xml:17:1-28:12
MERGED from [com.github.lecho:hellocharts-library:1.5.8] AndroidManifest.xml:2:1-11:12
MERGED from [de.halfbit:tinybus:3.0.1] AndroidManifest.xml:2:1-13:12
MERGED from [com.snowplowanalytics:snowplow-android-tracker:0.6.0] AndroidManifest.xml:2:1-18:12
MERGED from [info.hoang8f:android-segmented:1.0.6] AndroidManifest.xml:2:1-11:12
MERGED from [com.google.android.exoplayer:exoplayer:r2.2.0] AndroidManifest.xml:17:1-25:12
MERGED from [com.q42:qlassified:0.1.1] AndroidManifest.xml:2:1-17:12
MERGED from [com.hudomju:swipe-to-dismiss-undo:1.0] AndroidManifest.xml:2:1-14:12
MERGED from [jp.wasabeef:blurry:2.0.2] AndroidManifest.xml:2:1-12:12
MERGED from [com.crashlytics.sdk.android:crashlytics:2.8.0] AndroidManifest.xml:2:1-19:12
MERGED from [com.google.android.gms:play-services-analytics-license:11.8.0] AndroidManifest.xml:2:1-6:12
MERGED from [com.google.android.gms:play-services-maps-license:11.8.0] AndroidManifest.xml:2:1-6:12
MERGED from [com.google.android.gms:play-services-location-license:11.8.0] AndroidManifest.xml:2:1-6:12
MERGED from [com.google.android.gms:play-services-gcm-license:11.8.0] AndroidManifest.xml:2:1-6:12
MERGED from [com.google.android.gms:play-services-wearable-license:11.8.0] AndroidManifest.xml:2:1-6:12
MERGED from [com.android.support:support-media-compat:26.1.0] AndroidManifest.xml:17:1-31:12
MERGED from [com.android.support:support-fragment:26.1.0] AndroidManifest.xml:17:1-31:12
MERGED from [com.android.support:support-core-utils:26.1.0] AndroidManifest.xml:17:1-31:12
MERGED from [com.android.support:animated-vector-drawable:26.1.0] AndroidManifest.xml:17:1-28:12
MERGED from [com.android.support:support-core-ui:26.1.0] AndroidManifest.xml:17:1-31:12
MERGED from [com.android.support:support-vector-drawable:26.1.0] AndroidManifest.xml:17:1-28:12
MERGED from [com.android.support:support-compat:26.1.0] AndroidManifest.xml:17:1-31:12
MERGED from [com.crashlytics.sdk.android:crashlytics-core:2.5.0] AndroidManifest.xml:45:1-56:12
MERGED from [com.crashlytics.sdk.android:beta:1.2.7] AndroidManifest.xml:2:1-13:12
MERGED from [com.crashlytics.sdk.android:answers:1.4.1] AndroidManifest.xml:2:1-13:12
MERGED from [io.fabric.sdk.android:fabric:1.4.1] AndroidManifest.xml:22:1-33:12
MERGED from [com.google.android.gms:play-services-analytics-impl-license:11.8.0] AndroidManifest.xml:2:1-6:12
MERGED from [com.google.android.gms:play-services-base-license:11.8.0] AndroidManifest.xml:2:1-6:12
MERGED from [com.google.android.gms:play-services-basement-license:11.8.0] AndroidManifest.xml:2:1-6:12
MERGED from [com.google.android.gms:play-services-tagmanager-v4-impl-license:11.8.0] AndroidManifest.xml:2:1-6:12
MERGED from [com.google.android.gms:play-services-tasks-license:11.8.0] AndroidManifest.xml:2:1-6:12
MERGED from [android.arch.lifecycle:runtime:1.0.0] AndroidManifest.xml:17:1-30:12
MERGED from [com.google.firebase:firebase-analytics-license:11.8.0] AndroidManifest.xml:2:1-6:12
MERGED from [com.google.firebase:firebase-common-license:11.8.0] AndroidManifest.xml:2:1-6:12
MERGED from [com.google.firebase:firebase-analytics-impl-license:11.8.0] AndroidManifest.xml:2:1-6:12
MERGED from [com.google.firebase:firebase-iid-license:11.8.0] AndroidManifest.xml:2:1-6:12
MERGED from [com.google.android.gms:play-services-iid-license:11.8.0] AndroidManifest.xml:2:1-6:12
INJECTED from src/beta/AndroidManifest.xml:2:1-11:12
INJECTED from src/beta/AndroidManifest.xml:2:1-11:12
INJECTED from src/beta/AndroidManifest.xml:2:1-11:12
	package
		ADDED from src/main/AndroidManifest.xml:4:5-31
		INJECTED from src/main/AndroidManifest.xml
		ADDED from src/main/AndroidManifest.xml:4:5-31
		INJECTED from src/beta/AndroidManifest.xml
	android:versionName
		INJECTED from src/main/AndroidManifest.xml
		ADDED from src/main/AndroidManifest.xml:2:1-462:12
		INJECTED from src/beta/AndroidManifest.xml
	xmlns:tools
		ADDED from src/main/AndroidManifest.xml:3:5-51
		ADDED from src/main/AndroidManifest.xml:3:5-51
	android:versionCode
		INJECTED from src/main/AndroidManifest.xml
		ADDED from src/main/AndroidManifest.xml:2:1-462:12
		INJECTED from src/beta/AndroidManifest.xml
	xmlns:android
		ADDED from src/main/AndroidManifest.xml:2:11-69
uses-sdk
ADDED from src/main/AndroidManifest.xml:6:5-110
INJECTED from src/main/AndroidManifest.xml:6:5-110
INJECTED from src/main/AndroidManifest.xml:6:5-110
MERGED from [com.android.databinding:adapters:1.3.1] AndroidManifest.xml:22:5-24:41
MERGED from [com.android.databinding:adapters:1.3.1] AndroidManifest.xml:22:5-24:41
MERGED from [com.android.databinding:library:1.3.1] AndroidManifest.xml:22:5-24:41
MERGED from [com.android.databinding:library:1.3.1] AndroidManifest.xml:22:5-24:41
MERGED from [com.android.support:multidex:1.0.2] AndroidManifest.xml:20:5-43
MERGED from [com.android.support:multidex:1.0.2] AndroidManifest.xml:20:5-43
MERGED from [com.google.android.gms:play-services-analytics:11.8.0] AndroidManifest.xml:20:5-44
MERGED from [com.google.android.gms:play-services-analytics:11.8.0] AndroidManifest.xml:20:5-44
MERGED from [com.google.android.gms:play-services-maps:11.8.0] AndroidManifest.xml:20:5-44
MERGED from [com.google.android.gms:play-services-maps:11.8.0] AndroidManifest.xml:20:5-44
MERGED from [com.google.android.gms:play-services-location:11.8.0] AndroidManifest.xml:5:5-44
MERGED from [com.google.android.gms:play-services-location:11.8.0] AndroidManifest.xml:5:5-44
MERGED from [com.urbanairship.android:urbanairship-sdk:8.8.4] AndroidManifest.xml:8:5-10:41
MERGED from [com.urbanairship.android:urbanairship-sdk:8.8.4] AndroidManifest.xml:8:5-10:41
MERGED from [com.google.android.gms:play-services-gcm:11.8.0] AndroidManifest.xml:20:5-44
MERGED from [com.google.android.gms:play-services-gcm:11.8.0] AndroidManifest.xml:20:5-44
MERGED from [com.google.android.gms:play-services-wearable:11.8.0] AndroidManifest.xml:20:5-44
MERGED from [com.google.android.gms:play-services-wearable:11.8.0] AndroidManifest.xml:20:5-44
MERGED from [com.zendesk:sdk:1.1.0.1] AndroidManifest.xml:14:5-16:41
MERGED from [com.zendesk:sdk:1.1.0.1] AndroidManifest.xml:14:5-16:41
MERGED from [com.github.mtotschnig:StickyListHeaders:2.7.1] AndroidManifest.xml:7:5-9:41
MERGED from [com.github.mtotschnig:StickyListHeaders:2.7.1] AndroidManifest.xml:7:5-9:41
MERGED from [com.sothree.slidinguppanel:library:2.0.4] AndroidManifest.xml:7:5-43
MERGED from [com.sothree.slidinguppanel:library:2.0.4] AndroidManifest.xml:7:5-43
MERGED from [com.android.support:appcompat-v7:26.1.0] AndroidManifest.xml:21:5-23:78
MERGED from [com.android.support:appcompat-v7:26.1.0] AndroidManifest.xml:21:5-23:78
MERGED from [com.android.support:cardview-v7:26.1.0] AndroidManifest.xml:20:5-44
MERGED from [com.android.support:cardview-v7:26.1.0] AndroidManifest.xml:20:5-44
MERGED from [com.firebase:firebase-jobdispatcher:0.7.0] AndroidManifest.xml:22:5-24:41
MERGED from [com.firebase:firebase-jobdispatcher:0.7.0] AndroidManifest.xml:22:5-24:41
MERGED from [com.google.android.gms:play-services-tagmanager-v4-impl:11.8.0] AndroidManifest.xml:20:5-44
MERGED from [com.google.android.gms:play-services-tagmanager-v4-impl:11.8.0] AndroidManifest.xml:20:5-44
MERGED from [com.google.android.gms:play-services-analytics-impl:11.8.0] AndroidManifest.xml:20:5-44
MERGED from [com.google.android.gms:play-services-analytics-impl:11.8.0] AndroidManifest.xml:20:5-44
MERGED from [com.google.android.gms:play-services-iid:11.8.0] AndroidManifest.xml:20:5-44
MERGED from [com.google.android.gms:play-services-iid:11.8.0] AndroidManifest.xml:20:5-44
MERGED from [com.google.android.gms:play-services-base:11.8.0] AndroidManifest.xml:20:5-44
MERGED from [com.google.android.gms:play-services-base:11.8.0] AndroidManifest.xml:20:5-44
MERGED from [com.google.firebase:firebase-core:11.8.0] AndroidManifest.xml:4:5-43
MERGED from [com.google.firebase:firebase-core:11.8.0] AndroidManifest.xml:4:5-43
MERGED from [com.google.firebase:firebase-analytics:11.8.0] AndroidManifest.xml:20:5-44
MERGED from [com.google.firebase:firebase-analytics:11.8.0] AndroidManifest.xml:20:5-44
MERGED from [com.google.firebase:firebase-analytics-impl:11.8.0] AndroidManifest.xml:20:5-44
MERGED from [com.google.firebase:firebase-analytics-impl:11.8.0] AndroidManifest.xml:20:5-44
MERGED from [com.google.firebase:firebase-iid:11.8.0] AndroidManifest.xml:20:5-44
MERGED from [com.google.firebase:firebase-iid:11.8.0] AndroidManifest.xml:20:5-44
MERGED from [com.google.firebase:firebase-common:11.8.0] AndroidManifest.xml:5:5-44
MERGED from [com.google.firebase:firebase-common:11.8.0] AndroidManifest.xml:5:5-44
MERGED from [com.google.android.gms:play-services-tasks:11.8.0] AndroidManifest.xml:5:5-44
MERGED from [com.google.android.gms:play-services-tasks:11.8.0] AndroidManifest.xml:5:5-44
MERGED from [com.google.android.gms:play-services-basement:11.8.0] AndroidManifest.xml:20:5-44
MERGED from [com.google.android.gms:play-services-basement:11.8.0] AndroidManifest.xml:20:5-44
MERGED from [com.android.support:support-v4:26.1.0] AndroidManifest.xml:21:5-23:54
MERGED from [com.android.support:support-v4:26.1.0] AndroidManifest.xml:21:5-23:54
MERGED from [com.android.support:percent:26.1.0] AndroidManifest.xml:20:5-44
MERGED from [com.android.support:percent:26.1.0] AndroidManifest.xml:20:5-44
MERGED from [com.github.lecho:hellocharts-library:1.5.8] AndroidManifest.xml:7:5-9:41
MERGED from [com.github.lecho:hellocharts-library:1.5.8] AndroidManifest.xml:7:5-9:41
MERGED from [de.halfbit:tinybus:3.0.1] AndroidManifest.xml:7:5-9:41
MERGED from [de.halfbit:tinybus:3.0.1] AndroidManifest.xml:7:5-9:41
MERGED from [com.snowplowanalytics:snowplow-android-tracker:0.6.0] AndroidManifest.xml:7:5-9:41
MERGED from [com.snowplowanalytics:snowplow-android-tracker:0.6.0] AndroidManifest.xml:7:5-9:41
MERGED from [info.hoang8f:android-segmented:1.0.6] AndroidManifest.xml:7:5-9:41
MERGED from [info.hoang8f:android-segmented:1.0.6] AndroidManifest.xml:7:5-9:41
MERGED from [com.google.android.exoplayer:exoplayer:r2.2.0] AndroidManifest.xml:21:5-23:41
MERGED from [com.google.android.exoplayer:exoplayer:r2.2.0] AndroidManifest.xml:21:5-23:41
MERGED from [com.q42:qlassified:0.1.1] AndroidManifest.xml:7:5-9:41
MERGED from [com.q42:qlassified:0.1.1] AndroidManifest.xml:7:5-9:41
MERGED from [com.hudomju:swipe-to-dismiss-undo:1.0] AndroidManifest.xml:7:5-9:41
MERGED from [com.hudomju:swipe-to-dismiss-undo:1.0] AndroidManifest.xml:7:5-9:41
MERGED from [jp.wasabeef:blurry:2.0.2] AndroidManifest.xml:8:5-10:41
MERGED from [jp.wasabeef:blurry:2.0.2] AndroidManifest.xml:8:5-10:41
MERGED from [com.crashlytics.sdk.android:crashlytics:2.8.0] AndroidManifest.xml:7:5-43
MERGED from [com.crashlytics.sdk.android:crashlytics:2.8.0] AndroidManifest.xml:7:5-43
MERGED from [com.google.android.gms:play-services-analytics-license:11.8.0] AndroidManifest.xml:4:5-43
MERGED from [com.google.android.gms:play-services-analytics-license:11.8.0] AndroidManifest.xml:4:5-43
MERGED from [com.google.android.gms:play-services-maps-license:11.8.0] AndroidManifest.xml:4:5-43
MERGED from [com.google.android.gms:play-services-maps-license:11.8.0] AndroidManifest.xml:4:5-43
MERGED from [com.google.android.gms:play-services-location-license:11.8.0] AndroidManifest.xml:4:5-43
MERGED from [com.google.android.gms:play-services-location-license:11.8.0] AndroidManifest.xml:4:5-43
MERGED from [com.google.android.gms:play-services-gcm-license:11.8.0] AndroidManifest.xml:4:5-43
MERGED from [com.google.android.gms:play-services-gcm-license:11.8.0] AndroidManifest.xml:4:5-43
MERGED from [com.google.android.gms:play-services-wearable-license:11.8.0] AndroidManifest.xml:4:5-43
MERGED from [com.google.android.gms:play-services-wearable-license:11.8.0] AndroidManifest.xml:4:5-43
MERGED from [com.android.support:support-media-compat:26.1.0] AndroidManifest.xml:21:5-23:63
MERGED from [com.android.support:support-media-compat:26.1.0] AndroidManifest.xml:21:5-23:63
MERGED from [com.android.support:support-fragment:26.1.0] AndroidManifest.xml:21:5-23:60
MERGED from [com.android.support:support-fragment:26.1.0] AndroidManifest.xml:21:5-23:60
MERGED from [com.android.support:support-core-utils:26.1.0] AndroidManifest.xml:21:5-23:61
MERGED from [com.android.support:support-core-utils:26.1.0] AndroidManifest.xml:21:5-23:61
MERGED from [com.android.support:animated-vector-drawable:26.1.0] AndroidManifest.xml:20:5-44
MERGED from [com.android.support:animated-vector-drawable:26.1.0] AndroidManifest.xml:20:5-44
MERGED from [com.android.support:support-core-ui:26.1.0] AndroidManifest.xml:21:5-23:58
MERGED from [com.android.support:support-core-ui:26.1.0] AndroidManifest.xml:21:5-23:58
MERGED from [com.android.support:support-vector-drawable:26.1.0] AndroidManifest.xml:20:5-44
MERGED from [com.android.support:support-vector-drawable:26.1.0] AndroidManifest.xml:20:5-44
MERGED from [com.android.support:support-compat:26.1.0] AndroidManifest.xml:21:5-23:58
MERGED from [com.android.support:support-compat:26.1.0] AndroidManifest.xml:21:5-23:58
MERGED from [com.crashlytics.sdk.android:crashlytics-core:2.5.0] AndroidManifest.xml:50:5-43
MERGED from [com.crashlytics.sdk.android:crashlytics-core:2.5.0] AndroidManifest.xml:50:5-43
MERGED from [com.crashlytics.sdk.android:beta:1.2.7] AndroidManifest.xml:7:5-43
MERGED from [com.crashlytics.sdk.android:beta:1.2.7] AndroidManifest.xml:7:5-43
MERGED from [com.crashlytics.sdk.android:answers:1.4.1] AndroidManifest.xml:7:5-43
MERGED from [com.crashlytics.sdk.android:answers:1.4.1] AndroidManifest.xml:7:5-43
MERGED from [io.fabric.sdk.android:fabric:1.4.1] AndroidManifest.xml:27:5-43
MERGED from [io.fabric.sdk.android:fabric:1.4.1] AndroidManifest.xml:27:5-43
MERGED from [com.google.android.gms:play-services-analytics-impl-license:11.8.0] AndroidManifest.xml:4:5-43
MERGED from [com.google.android.gms:play-services-analytics-impl-license:11.8.0] AndroidManifest.xml:4:5-43
MERGED from [com.google.android.gms:play-services-base-license:11.8.0] AndroidManifest.xml:4:5-43
MERGED from [com.google.android.gms:play-services-base-license:11.8.0] AndroidManifest.xml:4:5-43
MERGED from [com.google.android.gms:play-services-basement-license:11.8.0] AndroidManifest.xml:4:5-43
MERGED from [com.google.android.gms:play-services-basement-license:11.8.0] AndroidManifest.xml:4:5-43
MERGED from [com.google.android.gms:play-services-tagmanager-v4-impl-license:11.8.0] AndroidManifest.xml:4:5-43
MERGED from [com.google.android.gms:play-services-tagmanager-v4-impl-license:11.8.0] AndroidManifest.xml:4:5-43
MERGED from [com.google.android.gms:play-services-tasks-license:11.8.0] AndroidManifest.xml:4:5-43
MERGED from [com.google.android.gms:play-services-tasks-license:11.8.0] AndroidManifest.xml:4:5-43
MERGED from [android.arch.lifecycle:runtime:1.0.0] AndroidManifest.xml:20:5-22:41
MERGED from [android.arch.lifecycle:runtime:1.0.0] AndroidManifest.xml:20:5-22:41
MERGED from [com.google.firebase:firebase-analytics-license:11.8.0] AndroidManifest.xml:4:5-43
MERGED from [com.google.firebase:firebase-analytics-license:11.8.0] AndroidManifest.xml:4:5-43
MERGED from [com.google.firebase:firebase-common-license:11.8.0] AndroidManifest.xml:4:5-43
MERGED from [com.google.firebase:firebase-common-license:11.8.0] AndroidManifest.xml:4:5-43
MERGED from [com.google.firebase:firebase-analytics-impl-license:11.8.0] AndroidManifest.xml:4:5-43
MERGED from [com.google.firebase:firebase-analytics-impl-license:11.8.0] AndroidManifest.xml:4:5-43
MERGED from [com.google.firebase:firebase-iid-license:11.8.0] AndroidManifest.xml:4:5-43
MERGED from [com.google.firebase:firebase-iid-license:11.8.0] AndroidManifest.xml:4:5-43
MERGED from [com.google.android.gms:play-services-iid-license:11.8.0] AndroidManifest.xml:4:5-43
MERGED from [com.google.android.gms:play-services-iid-license:11.8.0] AndroidManifest.xml:4:5-43
INJECTED from src/beta/AndroidManifest.xml:6:5-110
INJECTED from src/beta/AndroidManifest.xml:6:5-110
	tools:overrideLibrary
		ADDED from src/main/AndroidManifest.xml:6:15-107
	android:targetSdkVersion
		INJECTED from src/main/AndroidManifest.xml
		INJECTED from src/beta/AndroidManifest.xml
	android:minSdkVersion
		INJECTED from src/main/AndroidManifest.xml
		INJECTED from src/beta/AndroidManifest.xml
uses-feature#0x00020000
ADDED from src/main/AndroidManifest.xml:8:5-10:35
MERGED from [com.google.android.gms:play-services-maps:11.8.0] AndroidManifest.xml:26:5-28:35
MERGED from [com.google.android.gms:play-services-maps:11.8.0] AndroidManifest.xml:26:5-28:35
	android:glEsVersion
		ADDED from src/main/AndroidManifest.xml:9:9-41
	android:required
		ADDED from src/main/AndroidManifest.xml:10:9-32
uses-feature#android.hardware.camera
ADDED from src/main/AndroidManifest.xml:11:5-13:36
	android:required
		ADDED from src/main/AndroidManifest.xml:13:9-33
	android:name
		ADDED from src/main/AndroidManifest.xml:12:9-47
uses-feature#android.hardware.location.gps
ADDED from src/main/AndroidManifest.xml:14:5-16:36
	android:required
		ADDED from src/main/AndroidManifest.xml:16:9-33
	android:name
		ADDED from src/main/AndroidManifest.xml:15:9-53
uses-feature#android.hardware.bluetooth
ADDED from src/main/AndroidManifest.xml:17:5-19:36
	android:required
		ADDED from src/main/AndroidManifest.xml:19:9-33
	android:name
		ADDED from src/main/AndroidManifest.xml:18:9-50
uses-permission#android.permission.INTERNET
ADDED from src/main/AndroidManifest.xml:23:5-67
MERGED from [com.google.android.gms:play-services-analytics:11.8.0] AndroidManifest.xml:23:5-67
MERGED from [com.google.android.gms:play-services-analytics:11.8.0] AndroidManifest.xml:23:5-67
MERGED from [com.google.android.gms:play-services-maps:11.8.0] AndroidManifest.xml:24:5-67
MERGED from [com.google.android.gms:play-services-maps:11.8.0] AndroidManifest.xml:24:5-67
MERGED from [com.urbanairship.android:urbanairship-sdk:8.8.4] AndroidManifest.xml:12:5-67
MERGED from [com.urbanairship.android:urbanairship-sdk:8.8.4] AndroidManifest.xml:12:5-67
MERGED from [com.google.android.gms:play-services-gcm:11.8.0] AndroidManifest.xml:24:5-67
MERGED from [com.google.android.gms:play-services-gcm:11.8.0] AndroidManifest.xml:24:5-67
MERGED from [com.zendesk:sdk:1.1.0.1] AndroidManifest.xml:19:5-67
MERGED from [com.zendesk:sdk:1.1.0.1] AndroidManifest.xml:19:5-67
MERGED from [com.google.android.gms:play-services-analytics-impl:11.8.0] AndroidManifest.xml:23:5-67
MERGED from [com.google.android.gms:play-services-analytics-impl:11.8.0] AndroidManifest.xml:23:5-67
MERGED from [com.google.android.gms:play-services-iid:11.8.0] AndroidManifest.xml:24:5-67
MERGED from [com.google.android.gms:play-services-iid:11.8.0] AndroidManifest.xml:24:5-67
MERGED from [com.google.firebase:firebase-analytics:11.8.0] AndroidManifest.xml:23:5-67
MERGED from [com.google.firebase:firebase-analytics:11.8.0] AndroidManifest.xml:23:5-67
MERGED from [com.google.firebase:firebase-analytics-impl:11.8.0] AndroidManifest.xml:23:5-67
MERGED from [com.google.firebase:firebase-analytics-impl:11.8.0] AndroidManifest.xml:23:5-67
MERGED from [com.google.firebase:firebase-iid:11.8.0] AndroidManifest.xml:23:5-67
MERGED from [com.google.firebase:firebase-iid:11.8.0] AndroidManifest.xml:23:5-67
MERGED from [com.snowplowanalytics:snowplow-android-tracker:0.6.0] AndroidManifest.xml:11:5-67
MERGED from [com.snowplowanalytics:snowplow-android-tracker:0.6.0] AndroidManifest.xml:11:5-67
MERGED from [com.crashlytics.sdk.android:crashlytics:2.8.0] AndroidManifest.xml:9:5-67
MERGED from [com.crashlytics.sdk.android:crashlytics:2.8.0] AndroidManifest.xml:9:5-67
MERGED from [com.crashlytics.sdk.android:crashlytics-core:2.5.0] AndroidManifest.xml:52:5-67
MERGED from [com.crashlytics.sdk.android:crashlytics-core:2.5.0] AndroidManifest.xml:52:5-67
MERGED from [com.crashlytics.sdk.android:beta:1.2.7] AndroidManifest.xml:9:5-67
MERGED from [com.crashlytics.sdk.android:beta:1.2.7] AndroidManifest.xml:9:5-67
MERGED from [com.crashlytics.sdk.android:answers:1.4.1] AndroidManifest.xml:9:5-67
MERGED from [com.crashlytics.sdk.android:answers:1.4.1] AndroidManifest.xml:9:5-67
MERGED from [io.fabric.sdk.android:fabric:1.4.1] AndroidManifest.xml:29:5-67
MERGED from [io.fabric.sdk.android:fabric:1.4.1] AndroidManifest.xml:29:5-67
	android:name
		ADDED from src/main/AndroidManifest.xml:23:22-64
uses-permission#android.permission.ACCESS_NETWORK_STATE
ADDED from src/main/AndroidManifest.xml:24:5-79
MERGED from [com.google.android.gms:play-services-analytics:11.8.0] AndroidManifest.xml:24:5-79
MERGED from [com.google.android.gms:play-services-analytics:11.8.0] AndroidManifest.xml:24:5-79
MERGED from [com.google.android.gms:play-services-maps:11.8.0] AndroidManifest.xml:23:5-79
MERGED from [com.google.android.gms:play-services-maps:11.8.0] AndroidManifest.xml:23:5-79
MERGED from [com.urbanairship.android:urbanairship-sdk:8.8.4] AndroidManifest.xml:13:5-79
MERGED from [com.urbanairship.android:urbanairship-sdk:8.8.4] AndroidManifest.xml:13:5-79
MERGED from [com.zendesk:sdk:1.1.0.1] AndroidManifest.xml:20:5-79
MERGED from [com.zendesk:sdk:1.1.0.1] AndroidManifest.xml:20:5-79
MERGED from [com.google.android.gms:play-services-analytics-impl:11.8.0] AndroidManifest.xml:24:5-79
MERGED from [com.google.android.gms:play-services-analytics-impl:11.8.0] AndroidManifest.xml:24:5-79